e:\cppproject\debug\cppclr_winformsprojekt3.pch
e:\cppproject\debug\vc142.pdb
e:\cppproject\debug\pch.obj
e:\cppproject\debug\usersettings.obj
e:\cppproject\debug\optionfromh.obj
e:\cppproject\debug\entryform.obj
e:\cppproject\debug\cppclr_winformsprojekt.obj
e:\cppproject\debug\countform.obj
e:\cppproject\debug\calcform.obj
e:\cppproject\debug\assemblyinfo.obj
e:\cppproject\debug\areasource.obj
e:\cppproject\debug\addinorder.obj
e:\cppproject\debug\.netframework,version=v4.7.2.assemblyattributes.obj
e:\cppproject\debug\.netframework,version=v4.7.2.assemblyattributes.asm
e:\cppproject\debug\cppclr_winformsprojekt3.calcform.resources
e:\cppproject\debug\cppclr_winformsprojekt3.countform.resources
e:\cppproject\debug\cppclr_winformsprojekt3.entryform.resources
e:\cppproject\debug\cppclr_winformsprojekt3.optionfromh.resources
e:\cppproject\debug\cppclr_winformsprojekt3.usersettings.resources
e:\cppproject\debug\cppclr_winformsprojekt3.exe
e:\cppproject\debug\cppclr_winformsprojekt3.pdb
e:\cppproject\debug\app.res
e:\cppproject\debug\resource.res
e:\cppproject\debug\cppclr_winformsprojekt3.vcxproj.generateresource.cache
e:\cppproject\debug\cppclr_winformsprojekt3.vcxprojassemblyreference.cache
e:\cppproject\debug\cppclr_winformsprojekt3.exe.metagen
e:\cppproject\debug\cppclr_w.3b36eba8.tlog\cl.command.1.tlog
e:\cppproject\debug\cppclr_w.3b36eba8.tlog\cl.read.1.tlog
e:\cppproject\debug\cppclr_w.3b36eba8.tlog\cl.write.1.tlog
e:\cppproject\debug\cppclr_w.3b36eba8.tlog\cppclr_winformsprojekt3.write.1u.tlog
e:\cppproject\debug\cppclr_w.3b36eba8.tlog\link.command.1.tlog
e:\cppproject\debug\cppclr_w.3b36eba8.tlog\link.read.1.tlog
e:\cppproject\debug\cppclr_w.3b36eba8.tlog\link.write.1.tlog
e:\cppproject\debug\cppclr_w.3b36eba8.tlog\metagen.read.1.tlog
e:\cppproject\debug\cppclr_w.3b36eba8.tlog\metagen.write.1.tlog
e:\cppproject\debug\cppclr_w.3b36eba8.tlog\rc.command.1.tlog
e:\cppproject\debug\cppclr_w.3b36eba8.tlog\rc.read.1.tlog
e:\cppproject\debug\cppclr_w.3b36eba8.tlog\rc.write.1.tlog
