c:\users\xem1x\source\repos\cppclr_winformsprojekt3\x64\debug\vc142.pdb
c:\users\xem1x\source\repos\cppclr_winformsprojekt3\x64\debug\form1.obj
c:\users\xem1x\source\repos\cppclr_winformsprojekt3\x64\debug\cppclr_winformsprojekt.obj
c:\users\xem1x\source\repos\cppclr_winformsprojekt3\x64\debug\assemblyinfo.obj
c:\users\xem1x\source\repos\cppclr_winformsprojekt3\x64\debug\form2.obj
c:\users\xem1x\source\repos\cppclr_winformsprojekt3\x64\debug\myform.obj
c:\users\xem1x\source\repos\cppclr_winformsprojekt3\x64\debug\.netframework,version=v4.7.2.assemblyattributes.obj
c:\users\xem1x\source\repos\cppclr_winformsprojekt3\x64\debug\.netframework,version=v4.7.2.assemblyattributes.asm
c:\users\xem1x\source\repos\cppclr_winformsprojekt3\x64\debug\cppclr_winformsprojekt3.form1.resources
c:\users\xem1x\source\repos\cppclr_winformsprojekt3\x64\debug\cppclr_winformsprojekt3.form2.resources
c:\users\xem1x\source\repos\cppclr_winformsprojekt3\x64\debug\cppclr_winformsprojekt3.myform.resources
c:\users\xem1x\source\repos\cppclr_winformsprojekt3\x64\debug\cppclr_winformsprojekt3.exe
c:\users\xem1x\source\repos\cppclr_winformsprojekt3\x64\debug\cppclr_winformsprojekt3.pdb
c:\users\xem1x\source\repos\cppclr_winformsprojekt3\x64\debug\app.res
c:\users\xem1x\source\repos\cppclr_winformsprojekt3\x64\debug\cppclr_winformsprojekt3.vcxproj.generateresource.cache
c:\users\xem1x\source\repos\cppclr_winformsprojekt3\x64\debug\cppclr_winformsprojekt3.vcxprojassemblyreference.cache
c:\users\xem1x\source\repos\cppclr_winformsprojekt3\x64\debug\cppclr_winformsprojekt3.pch
c:\users\xem1x\source\repos\cppclr_winformsprojekt3\x64\debug\cppclr_winformsprojekt3.exe.metagen
c:\users\xem1x\source\repos\cppclr_winformsprojekt3\x64\debug\cppclr_w.3b36eba8.tlog\cl.command.1.tlog
c:\users\xem1x\source\repos\cppclr_winformsprojekt3\x64\debug\cppclr_w.3b36eba8.tlog\cl.read.1.tlog
c:\users\xem1x\source\repos\cppclr_winformsprojekt3\x64\debug\cppclr_w.3b36eba8.tlog\cl.write.1.tlog
c:\users\xem1x\source\repos\cppclr_winformsprojekt3\x64\debug\cppclr_w.3b36eba8.tlog\cppclr_winformsprojekt3.write.1u.tlog
c:\users\xem1x\source\repos\cppclr_winformsprojekt3\x64\debug\cppclr_w.3b36eba8.tlog\link.10200.delete.1.tlog
c:\users\xem1x\source\repos\cppclr_winformsprojekt3\x64\debug\cppclr_w.3b36eba8.tlog\link.10372.delete.1.tlog
c:\users\xem1x\source\repos\cppclr_winformsprojekt3\x64\debug\cppclr_w.3b36eba8.tlog\link.10452.delete.1.tlog
c:\users\xem1x\source\repos\cppclr_winformsprojekt3\x64\debug\cppclr_w.3b36eba8.tlog\link.10512.delete.1.tlog
c:\users\xem1x\source\repos\cppclr_winformsprojekt3\x64\debug\cppclr_w.3b36eba8.tlog\link.1060.delete.1.tlog
c:\users\xem1x\source\repos\cppclr_winformsprojekt3\x64\debug\cppclr_w.3b36eba8.tlog\link.10600.delete.1.tlog
c:\users\xem1x\source\repos\cppclr_winformsprojekt3\x64\debug\cppclr_w.3b36eba8.tlog\link.10616.delete.1.tlog
c:\users\xem1x\source\repos\cppclr_winformsprojekt3\x64\debug\cppclr_w.3b36eba8.tlog\link.10900.delete.1.tlog
c:\users\xem1x\source\repos\cppclr_winformsprojekt3\x64\debug\cppclr_w.3b36eba8.tlog\link.11016.delete.1.tlog
c:\users\xem1x\source\repos\cppclr_winformsprojekt3\x64\debug\cppclr_w.3b36eba8.tlog\link.11080.delete.1.tlog
c:\users\xem1x\source\repos\cppclr_winformsprojekt3\x64\debug\cppclr_w.3b36eba8.tlog\link.11144.delete.1.tlog
c:\users\xem1x\source\repos\cppclr_winformsprojekt3\x64\debug\cppclr_w.3b36eba8.tlog\link.11284.delete.1.tlog
c:\users\xem1x\source\repos\cppclr_winformsprojekt3\x64\debug\cppclr_w.3b36eba8.tlog\link.11352.delete.1.tlog
c:\users\xem1x\source\repos\cppclr_winformsprojekt3\x64\debug\cppclr_w.3b36eba8.tlog\link.11468.delete.1.tlog
c:\users\xem1x\source\repos\cppclr_winformsprojekt3\x64\debug\cppclr_w.3b36eba8.tlog\link.11516.delete.1.tlog
c:\users\xem1x\source\repos\cppclr_winformsprojekt3\x64\debug\cppclr_w.3b36eba8.tlog\link.11596.delete.1.tlog
c:\users\xem1x\source\repos\cppclr_winformsprojekt3\x64\debug\cppclr_w.3b36eba8.tlog\link.11672.delete.1.tlog
c:\users\xem1x\source\repos\cppclr_winformsprojekt3\x64\debug\cppclr_w.3b36eba8.tlog\link.11816.delete.1.tlog
c:\users\xem1x\source\repos\cppclr_winformsprojekt3\x64\debug\cppclr_w.3b36eba8.tlog\link.1188.delete.1.tlog
c:\users\xem1x\source\repos\cppclr_winformsprojekt3\x64\debug\cppclr_w.3b36eba8.tlog\link.11944.delete.1.tlog
c:\users\xem1x\source\repos\cppclr_winformsprojekt3\x64\debug\cppclr_w.3b36eba8.tlog\link.12052.delete.1.tlog
c:\users\xem1x\source\repos\cppclr_winformsprojekt3\x64\debug\cppclr_w.3b36eba8.tlog\link.12156.delete.1.tlog
c:\users\xem1x\source\repos\cppclr_winformsprojekt3\x64\debug\cppclr_w.3b36eba8.tlog\link.12372.delete.1.tlog
c:\users\xem1x\source\repos\cppclr_winformsprojekt3\x64\debug\cppclr_w.3b36eba8.tlog\link.12420.delete.1.tlog
c:\users\xem1x\source\repos\cppclr_winformsprojekt3\x64\debug\cppclr_w.3b36eba8.tlog\link.12448.delete.1.tlog
c:\users\xem1x\source\repos\cppclr_winformsprojekt3\x64\debug\cppclr_w.3b36eba8.tlog\link.12636.delete.1.tlog
c:\users\xem1x\source\repos\cppclr_winformsprojekt3\x64\debug\cppclr_w.3b36eba8.tlog\link.12700.delete.1.tlog
c:\users\xem1x\source\repos\cppclr_winformsprojekt3\x64\debug\cppclr_w.3b36eba8.tlog\link.12980.delete.1.tlog
c:\users\xem1x\source\repos\cppclr_winformsprojekt3\x64\debug\cppclr_w.3b36eba8.tlog\link.12996.delete.1.tlog
c:\users\xem1x\source\repos\cppclr_winformsprojekt3\x64\debug\cppclr_w.3b36eba8.tlog\link.13040.delete.1.tlog
c:\users\xem1x\source\repos\cppclr_winformsprojekt3\x64\debug\cppclr_w.3b36eba8.tlog\link.13056.delete.1.tlog
c:\users\xem1x\source\repos\cppclr_winformsprojekt3\x64\debug\cppclr_w.3b36eba8.tlog\link.13080.delete.1.tlog
c:\users\xem1x\source\repos\cppclr_winformsprojekt3\x64\debug\cppclr_w.3b36eba8.tlog\link.13156.delete.1.tlog
c:\users\xem1x\source\repos\cppclr_winformsprojekt3\x64\debug\cppclr_w.3b36eba8.tlog\link.13188.delete.1.tlog
c:\users\xem1x\source\repos\cppclr_winformsprojekt3\x64\debug\cppclr_w.3b36eba8.tlog\link.13208.delete.1.tlog
c:\users\xem1x\source\repos\cppclr_winformsprojekt3\x64\debug\cppclr_w.3b36eba8.tlog\link.13212.delete.1.tlog
c:\users\xem1x\source\repos\cppclr_winformsprojekt3\x64\debug\cppclr_w.3b36eba8.tlog\link.13224.delete.1.tlog
c:\users\xem1x\source\repos\cppclr_winformsprojekt3\x64\debug\cppclr_w.3b36eba8.tlog\link.13324.delete.1.tlog
c:\users\xem1x\source\repos\cppclr_winformsprojekt3\x64\debug\cppclr_w.3b36eba8.tlog\link.13404.delete.1.tlog
c:\users\xem1x\source\repos\cppclr_winformsprojekt3\x64\debug\cppclr_w.3b36eba8.tlog\link.13424.delete.1.tlog
c:\users\xem1x\source\repos\cppclr_winformsprojekt3\x64\debug\cppclr_w.3b36eba8.tlog\link.13428.delete.1.tlog
c:\users\xem1x\source\repos\cppclr_winformsprojekt3\x64\debug\cppclr_w.3b36eba8.tlog\link.13436.delete.1.tlog
c:\users\xem1x\source\repos\cppclr_winformsprojekt3\x64\debug\cppclr_w.3b36eba8.tlog\link.13492.delete.1.tlog
c:\users\xem1x\source\repos\cppclr_winformsprojekt3\x64\debug\cppclr_w.3b36eba8.tlog\link.13560.delete.1.tlog
c:\users\xem1x\source\repos\cppclr_winformsprojekt3\x64\debug\cppclr_w.3b36eba8.tlog\link.13572.delete.1.tlog
c:\users\xem1x\source\repos\cppclr_winformsprojekt3\x64\debug\cppclr_w.3b36eba8.tlog\link.13620.delete.1.tlog
c:\users\xem1x\source\repos\cppclr_winformsprojekt3\x64\debug\cppclr_w.3b36eba8.tlog\link.13624.delete.1.tlog
c:\users\xem1x\source\repos\cppclr_winformsprojekt3\x64\debug\cppclr_w.3b36eba8.tlog\link.13628.delete.1.tlog
c:\users\xem1x\source\repos\cppclr_winformsprojekt3\x64\debug\cppclr_w.3b36eba8.tlog\link.13680.delete.1.tlog
c:\users\xem1x\source\repos\cppclr_winformsprojekt3\x64\debug\cppclr_w.3b36eba8.tlog\link.13704.delete.1.tlog
c:\users\xem1x\source\repos\cppclr_winformsprojekt3\x64\debug\cppclr_w.3b36eba8.tlog\link.13728.delete.1.tlog
c:\users\xem1x\source\repos\cppclr_winformsprojekt3\x64\debug\cppclr_w.3b36eba8.tlog\link.13800.delete.1.tlog
c:\users\xem1x\source\repos\cppclr_winformsprojekt3\x64\debug\cppclr_w.3b36eba8.tlog\link.13912.delete.1.tlog
c:\users\xem1x\source\repos\cppclr_winformsprojekt3\x64\debug\cppclr_w.3b36eba8.tlog\link.13936.delete.1.tlog
c:\users\xem1x\source\repos\cppclr_winformsprojekt3\x64\debug\cppclr_w.3b36eba8.tlog\link.14024.delete.1.tlog
c:\users\xem1x\source\repos\cppclr_winformsprojekt3\x64\debug\cppclr_w.3b36eba8.tlog\link.14096.delete.1.tlog
c:\users\xem1x\source\repos\cppclr_winformsprojekt3\x64\debug\cppclr_w.3b36eba8.tlog\link.14108.delete.1.tlog
c:\users\xem1x\source\repos\cppclr_winformsprojekt3\x64\debug\cppclr_w.3b36eba8.tlog\link.14112.delete.1.tlog
c:\users\xem1x\source\repos\cppclr_winformsprojekt3\x64\debug\cppclr_w.3b36eba8.tlog\link.1412.delete.1.tlog
c:\users\xem1x\source\repos\cppclr_winformsprojekt3\x64\debug\cppclr_w.3b36eba8.tlog\link.14140.delete.1.tlog
c:\users\xem1x\source\repos\cppclr_winformsprojekt3\x64\debug\cppclr_w.3b36eba8.tlog\link.14220.delete.1.tlog
c:\users\xem1x\source\repos\cppclr_winformsprojekt3\x64\debug\cppclr_w.3b36eba8.tlog\link.14236.delete.1.tlog
c:\users\xem1x\source\repos\cppclr_winformsprojekt3\x64\debug\cppclr_w.3b36eba8.tlog\link.14240.delete.1.tlog
c:\users\xem1x\source\repos\cppclr_winformsprojekt3\x64\debug\cppclr_w.3b36eba8.tlog\link.14328.delete.1.tlog
c:\users\xem1x\source\repos\cppclr_winformsprojekt3\x64\debug\cppclr_w.3b36eba8.tlog\link.14408.delete.1.tlog
c:\users\xem1x\source\repos\cppclr_winformsprojekt3\x64\debug\cppclr_w.3b36eba8.tlog\link.14460.delete.1.tlog
c:\users\xem1x\source\repos\cppclr_winformsprojekt3\x64\debug\cppclr_w.3b36eba8.tlog\link.14476.delete.1.tlog
c:\users\xem1x\source\repos\cppclr_winformsprojekt3\x64\debug\cppclr_w.3b36eba8.tlog\link.14496.delete.1.tlog
c:\users\xem1x\source\repos\cppclr_winformsprojekt3\x64\debug\cppclr_w.3b36eba8.tlog\link.14516.delete.1.tlog
c:\users\xem1x\source\repos\cppclr_winformsprojekt3\x64\debug\cppclr_w.3b36eba8.tlog\link.14560.delete.1.tlog
c:\users\xem1x\source\repos\cppclr_winformsprojekt3\x64\debug\cppclr_w.3b36eba8.tlog\link.14572.delete.1.tlog
c:\users\xem1x\source\repos\cppclr_winformsprojekt3\x64\debug\cppclr_w.3b36eba8.tlog\link.14596.delete.1.tlog
c:\users\xem1x\source\repos\cppclr_winformsprojekt3\x64\debug\cppclr_w.3b36eba8.tlog\link.14636.delete.1.tlog
c:\users\xem1x\source\repos\cppclr_winformsprojekt3\x64\debug\cppclr_w.3b36eba8.tlog\link.14640.delete.1.tlog
c:\users\xem1x\source\repos\cppclr_winformsprojekt3\x64\debug\cppclr_w.3b36eba8.tlog\link.14744.delete.1.tlog
c:\users\xem1x\source\repos\cppclr_winformsprojekt3\x64\debug\cppclr_w.3b36eba8.tlog\link.1480.delete.1.tlog
c:\users\xem1x\source\repos\cppclr_winformsprojekt3\x64\debug\cppclr_w.3b36eba8.tlog\link.14908.delete.1.tlog
c:\users\xem1x\source\repos\cppclr_winformsprojekt3\x64\debug\cppclr_w.3b36eba8.tlog\link.15048.delete.1.tlog
c:\users\xem1x\source\repos\cppclr_winformsprojekt3\x64\debug\cppclr_w.3b36eba8.tlog\link.15092.delete.1.tlog
c:\users\xem1x\source\repos\cppclr_winformsprojekt3\x64\debug\cppclr_w.3b36eba8.tlog\link.15152.delete.1.tlog
c:\users\xem1x\source\repos\cppclr_winformsprojekt3\x64\debug\cppclr_w.3b36eba8.tlog\link.15312.delete.1.tlog
c:\users\xem1x\source\repos\cppclr_winformsprojekt3\x64\debug\cppclr_w.3b36eba8.tlog\link.1552.delete.1.tlog
c:\users\xem1x\source\repos\cppclr_winformsprojekt3\x64\debug\cppclr_w.3b36eba8.tlog\link.15568.delete.1.tlog
c:\users\xem1x\source\repos\cppclr_winformsprojekt3\x64\debug\cppclr_w.3b36eba8.tlog\link.15644.delete.1.tlog
c:\users\xem1x\source\repos\cppclr_winformsprojekt3\x64\debug\cppclr_w.3b36eba8.tlog\link.15688.delete.1.tlog
c:\users\xem1x\source\repos\cppclr_winformsprojekt3\x64\debug\cppclr_w.3b36eba8.tlog\link.15852.delete.1.tlog
c:\users\xem1x\source\repos\cppclr_winformsprojekt3\x64\debug\cppclr_w.3b36eba8.tlog\link.16204.delete.1.tlog
c:\users\xem1x\source\repos\cppclr_winformsprojekt3\x64\debug\cppclr_w.3b36eba8.tlog\link.16480.delete.1.tlog
c:\users\xem1x\source\repos\cppclr_winformsprojekt3\x64\debug\cppclr_w.3b36eba8.tlog\link.16624.delete.1.tlog
c:\users\xem1x\source\repos\cppclr_winformsprojekt3\x64\debug\cppclr_w.3b36eba8.tlog\link.1696.delete.1.tlog
c:\users\xem1x\source\repos\cppclr_winformsprojekt3\x64\debug\cppclr_w.3b36eba8.tlog\link.17260.delete.1.tlog
c:\users\xem1x\source\repos\cppclr_winformsprojekt3\x64\debug\cppclr_w.3b36eba8.tlog\link.1728.delete.1.tlog
c:\users\xem1x\source\repos\cppclr_winformsprojekt3\x64\debug\cppclr_w.3b36eba8.tlog\link.1752.delete.1.tlog
c:\users\xem1x\source\repos\cppclr_winformsprojekt3\x64\debug\cppclr_w.3b36eba8.tlog\link.1768.delete.1.tlog
c:\users\xem1x\source\repos\cppclr_winformsprojekt3\x64\debug\cppclr_w.3b36eba8.tlog\link.1804.delete.1.tlog
c:\users\xem1x\source\repos\cppclr_winformsprojekt3\x64\debug\cppclr_w.3b36eba8.tlog\link.1872.delete.1.tlog
c:\users\xem1x\source\repos\cppclr_winformsprojekt3\x64\debug\cppclr_w.3b36eba8.tlog\link.1960.delete.1.tlog
c:\users\xem1x\source\repos\cppclr_winformsprojekt3\x64\debug\cppclr_w.3b36eba8.tlog\link.2224.delete.1.tlog
c:\users\xem1x\source\repos\cppclr_winformsprojekt3\x64\debug\cppclr_w.3b36eba8.tlog\link.2284.delete.1.tlog
c:\users\xem1x\source\repos\cppclr_winformsprojekt3\x64\debug\cppclr_w.3b36eba8.tlog\link.2292.delete.1.tlog
c:\users\xem1x\source\repos\cppclr_winformsprojekt3\x64\debug\cppclr_w.3b36eba8.tlog\link.2304.delete.1.tlog
c:\users\xem1x\source\repos\cppclr_winformsprojekt3\x64\debug\cppclr_w.3b36eba8.tlog\link.2372.delete.1.tlog
c:\users\xem1x\source\repos\cppclr_winformsprojekt3\x64\debug\cppclr_w.3b36eba8.tlog\link.2424.delete.1.tlog
c:\users\xem1x\source\repos\cppclr_winformsprojekt3\x64\debug\cppclr_w.3b36eba8.tlog\link.2552.delete.1.tlog
c:\users\xem1x\source\repos\cppclr_winformsprojekt3\x64\debug\cppclr_w.3b36eba8.tlog\link.2576.delete.1.tlog
c:\users\xem1x\source\repos\cppclr_winformsprojekt3\x64\debug\cppclr_w.3b36eba8.tlog\link.2768.delete.1.tlog
c:\users\xem1x\source\repos\cppclr_winformsprojekt3\x64\debug\cppclr_w.3b36eba8.tlog\link.2848.delete.1.tlog
c:\users\xem1x\source\repos\cppclr_winformsprojekt3\x64\debug\cppclr_w.3b36eba8.tlog\link.2856.delete.1.tlog
c:\users\xem1x\source\repos\cppclr_winformsprojekt3\x64\debug\cppclr_w.3b36eba8.tlog\link.2860.delete.1.tlog
c:\users\xem1x\source\repos\cppclr_winformsprojekt3\x64\debug\cppclr_w.3b36eba8.tlog\link.2872.delete.1.tlog
c:\users\xem1x\source\repos\cppclr_winformsprojekt3\x64\debug\cppclr_w.3b36eba8.tlog\link.2988.delete.1.tlog
c:\users\xem1x\source\repos\cppclr_winformsprojekt3\x64\debug\cppclr_w.3b36eba8.tlog\link.3044.delete.1.tlog
c:\users\xem1x\source\repos\cppclr_winformsprojekt3\x64\debug\cppclr_w.3b36eba8.tlog\link.3248.delete.1.tlog
c:\users\xem1x\source\repos\cppclr_winformsprojekt3\x64\debug\cppclr_w.3b36eba8.tlog\link.3280.delete.1.tlog
c:\users\xem1x\source\repos\cppclr_winformsprojekt3\x64\debug\cppclr_w.3b36eba8.tlog\link.3348.delete.1.tlog
c:\users\xem1x\source\repos\cppclr_winformsprojekt3\x64\debug\cppclr_w.3b36eba8.tlog\link.3388.delete.1.tlog
c:\users\xem1x\source\repos\cppclr_winformsprojekt3\x64\debug\cppclr_w.3b36eba8.tlog\link.3400.delete.1.tlog
c:\users\xem1x\source\repos\cppclr_winformsprojekt3\x64\debug\cppclr_w.3b36eba8.tlog\link.3540.delete.1.tlog
c:\users\xem1x\source\repos\cppclr_winformsprojekt3\x64\debug\cppclr_w.3b36eba8.tlog\link.3640.delete.1.tlog
c:\users\xem1x\source\repos\cppclr_winformsprojekt3\x64\debug\cppclr_w.3b36eba8.tlog\link.3928.delete.1.tlog
c:\users\xem1x\source\repos\cppclr_winformsprojekt3\x64\debug\cppclr_w.3b36eba8.tlog\link.3996.delete.1.tlog
c:\users\xem1x\source\repos\cppclr_winformsprojekt3\x64\debug\cppclr_w.3b36eba8.tlog\link.4184.delete.1.tlog
c:\users\xem1x\source\repos\cppclr_winformsprojekt3\x64\debug\cppclr_w.3b36eba8.tlog\link.4260.delete.1.tlog
c:\users\xem1x\source\repos\cppclr_winformsprojekt3\x64\debug\cppclr_w.3b36eba8.tlog\link.4284.delete.1.tlog
c:\users\xem1x\source\repos\cppclr_winformsprojekt3\x64\debug\cppclr_w.3b36eba8.tlog\link.4336.delete.1.tlog
c:\users\xem1x\source\repos\cppclr_winformsprojekt3\x64\debug\cppclr_w.3b36eba8.tlog\link.4400.delete.1.tlog
c:\users\xem1x\source\repos\cppclr_winformsprojekt3\x64\debug\cppclr_w.3b36eba8.tlog\link.4432.delete.1.tlog
c:\users\xem1x\source\repos\cppclr_winformsprojekt3\x64\debug\cppclr_w.3b36eba8.tlog\link.4516.delete.1.tlog
c:\users\xem1x\source\repos\cppclr_winformsprojekt3\x64\debug\cppclr_w.3b36eba8.tlog\link.4668.delete.1.tlog
c:\users\xem1x\source\repos\cppclr_winformsprojekt3\x64\debug\cppclr_w.3b36eba8.tlog\link.4724.delete.1.tlog
c:\users\xem1x\source\repos\cppclr_winformsprojekt3\x64\debug\cppclr_w.3b36eba8.tlog\link.4776.delete.1.tlog
c:\users\xem1x\source\repos\cppclr_winformsprojekt3\x64\debug\cppclr_w.3b36eba8.tlog\link.4960.delete.1.tlog
c:\users\xem1x\source\repos\cppclr_winformsprojekt3\x64\debug\cppclr_w.3b36eba8.tlog\link.5156.delete.1.tlog
c:\users\xem1x\source\repos\cppclr_winformsprojekt3\x64\debug\cppclr_w.3b36eba8.tlog\link.5288.delete.1.tlog
c:\users\xem1x\source\repos\cppclr_winformsprojekt3\x64\debug\cppclr_w.3b36eba8.tlog\link.5472.delete.1.tlog
c:\users\xem1x\source\repos\cppclr_winformsprojekt3\x64\debug\cppclr_w.3b36eba8.tlog\link.5780.delete.1.tlog
c:\users\xem1x\source\repos\cppclr_winformsprojekt3\x64\debug\cppclr_w.3b36eba8.tlog\link.5820.delete.1.tlog
c:\users\xem1x\source\repos\cppclr_winformsprojekt3\x64\debug\cppclr_w.3b36eba8.tlog\link.5900.delete.1.tlog
c:\users\xem1x\source\repos\cppclr_winformsprojekt3\x64\debug\cppclr_w.3b36eba8.tlog\link.5940.delete.1.tlog
c:\users\xem1x\source\repos\cppclr_winformsprojekt3\x64\debug\cppclr_w.3b36eba8.tlog\link.5944.delete.1.tlog
c:\users\xem1x\source\repos\cppclr_winformsprojekt3\x64\debug\cppclr_w.3b36eba8.tlog\link.5984.delete.1.tlog
c:\users\xem1x\source\repos\cppclr_winformsprojekt3\x64\debug\cppclr_w.3b36eba8.tlog\link.612.delete.1.tlog
c:\users\xem1x\source\repos\cppclr_winformsprojekt3\x64\debug\cppclr_w.3b36eba8.tlog\link.6148.delete.1.tlog
c:\users\xem1x\source\repos\cppclr_winformsprojekt3\x64\debug\cppclr_w.3b36eba8.tlog\link.6224.delete.1.tlog
c:\users\xem1x\source\repos\cppclr_winformsprojekt3\x64\debug\cppclr_w.3b36eba8.tlog\link.6324.delete.1.tlog
c:\users\xem1x\source\repos\cppclr_winformsprojekt3\x64\debug\cppclr_w.3b36eba8.tlog\link.6388.delete.1.tlog
c:\users\xem1x\source\repos\cppclr_winformsprojekt3\x64\debug\cppclr_w.3b36eba8.tlog\link.6540.delete.1.tlog
c:\users\xem1x\source\repos\cppclr_winformsprojekt3\x64\debug\cppclr_w.3b36eba8.tlog\link.6568.delete.1.tlog
c:\users\xem1x\source\repos\cppclr_winformsprojekt3\x64\debug\cppclr_w.3b36eba8.tlog\link.6944.delete.1.tlog
c:\users\xem1x\source\repos\cppclr_winformsprojekt3\x64\debug\cppclr_w.3b36eba8.tlog\link.7152.delete.1.tlog
c:\users\xem1x\source\repos\cppclr_winformsprojekt3\x64\debug\cppclr_w.3b36eba8.tlog\link.7172.delete.1.tlog
c:\users\xem1x\source\repos\cppclr_winformsprojekt3\x64\debug\cppclr_w.3b36eba8.tlog\link.7180.delete.1.tlog
c:\users\xem1x\source\repos\cppclr_winformsprojekt3\x64\debug\cppclr_w.3b36eba8.tlog\link.7456.delete.1.tlog
c:\users\xem1x\source\repos\cppclr_winformsprojekt3\x64\debug\cppclr_w.3b36eba8.tlog\link.7508.delete.1.tlog
c:\users\xem1x\source\repos\cppclr_winformsprojekt3\x64\debug\cppclr_w.3b36eba8.tlog\link.7512.delete.1.tlog
c:\users\xem1x\source\repos\cppclr_winformsprojekt3\x64\debug\cppclr_w.3b36eba8.tlog\link.7596.delete.1.tlog
c:\users\xem1x\source\repos\cppclr_winformsprojekt3\x64\debug\cppclr_w.3b36eba8.tlog\link.7604.delete.1.tlog
c:\users\xem1x\source\repos\cppclr_winformsprojekt3\x64\debug\cppclr_w.3b36eba8.tlog\link.7928.delete.1.tlog
c:\users\xem1x\source\repos\cppclr_winformsprojekt3\x64\debug\cppclr_w.3b36eba8.tlog\link.8004.delete.1.tlog
c:\users\xem1x\source\repos\cppclr_winformsprojekt3\x64\debug\cppclr_w.3b36eba8.tlog\link.8128.delete.1.tlog
c:\users\xem1x\source\repos\cppclr_winformsprojekt3\x64\debug\cppclr_w.3b36eba8.tlog\link.8236.delete.1.tlog
c:\users\xem1x\source\repos\cppclr_winformsprojekt3\x64\debug\cppclr_w.3b36eba8.tlog\link.8488.delete.1.tlog
c:\users\xem1x\source\repos\cppclr_winformsprojekt3\x64\debug\cppclr_w.3b36eba8.tlog\link.8512.delete.1.tlog
c:\users\xem1x\source\repos\cppclr_winformsprojekt3\x64\debug\cppclr_w.3b36eba8.tlog\link.8552.delete.1.tlog
c:\users\xem1x\source\repos\cppclr_winformsprojekt3\x64\debug\cppclr_w.3b36eba8.tlog\link.8572.delete.1.tlog
c:\users\xem1x\source\repos\cppclr_winformsprojekt3\x64\debug\cppclr_w.3b36eba8.tlog\link.8624.delete.1.tlog
c:\users\xem1x\source\repos\cppclr_winformsprojekt3\x64\debug\cppclr_w.3b36eba8.tlog\link.8648.delete.1.tlog
c:\users\xem1x\source\repos\cppclr_winformsprojekt3\x64\debug\cppclr_w.3b36eba8.tlog\link.8772.delete.1.tlog
c:\users\xem1x\source\repos\cppclr_winformsprojekt3\x64\debug\cppclr_w.3b36eba8.tlog\link.8976.delete.1.tlog
c:\users\xem1x\source\repos\cppclr_winformsprojekt3\x64\debug\cppclr_w.3b36eba8.tlog\link.9064.delete.1.tlog
c:\users\xem1x\source\repos\cppclr_winformsprojekt3\x64\debug\cppclr_w.3b36eba8.tlog\link.908.delete.1.tlog
c:\users\xem1x\source\repos\cppclr_winformsprojekt3\x64\debug\cppclr_w.3b36eba8.tlog\link.9112.delete.1.tlog
c:\users\xem1x\source\repos\cppclr_winformsprojekt3\x64\debug\cppclr_w.3b36eba8.tlog\link.9156.delete.1.tlog
c:\users\xem1x\source\repos\cppclr_winformsprojekt3\x64\debug\cppclr_w.3b36eba8.tlog\link.9260.delete.1.tlog
c:\users\xem1x\source\repos\cppclr_winformsprojekt3\x64\debug\cppclr_w.3b36eba8.tlog\link.9264.delete.1.tlog
c:\users\xem1x\source\repos\cppclr_winformsprojekt3\x64\debug\cppclr_w.3b36eba8.tlog\link.9332.delete.1.tlog
c:\users\xem1x\source\repos\cppclr_winformsprojekt3\x64\debug\cppclr_w.3b36eba8.tlog\link.9744.delete.1.tlog
c:\users\xem1x\source\repos\cppclr_winformsprojekt3\x64\debug\cppclr_w.3b36eba8.tlog\link.9776.delete.1.tlog
c:\users\xem1x\source\repos\cppclr_winformsprojekt3\x64\debug\cppclr_w.3b36eba8.tlog\link.command.1.tlog
c:\users\xem1x\source\repos\cppclr_winformsprojekt3\x64\debug\cppclr_w.3b36eba8.tlog\link.read.1.tlog
c:\users\xem1x\source\repos\cppclr_winformsprojekt3\x64\debug\cppclr_w.3b36eba8.tlog\link.write.1.tlog
c:\users\xem1x\source\repos\cppclr_winformsprojekt3\x64\debug\cppclr_w.3b36eba8.tlog\metagen.read.1.tlog
c:\users\xem1x\source\repos\cppclr_winformsprojekt3\x64\debug\cppclr_w.3b36eba8.tlog\metagen.write.1.tlog
c:\users\xem1x\source\repos\cppclr_winformsprojekt3\x64\debug\cppclr_w.3b36eba8.tlog\rc.command.1.tlog
c:\users\xem1x\source\repos\cppclr_winformsprojekt3\x64\debug\cppclr_w.3b36eba8.tlog\rc.read.1.tlog
c:\users\xem1x\source\repos\cppclr_winformsprojekt3\x64\debug\cppclr_w.3b36eba8.tlog\rc.write.1.tlog
